ReduceShopLevel
BlockAllStatus
CurseAddDrain
ElementalDefense
Mug
Stylish
IgnoreQuickSilver
IncreaseMeleeAddPoison
IncreaseH2HDamage
IncreaseSpearDamage
IncreaseSwordDamage
IncreaseGreatSwordDamage
IncreaseWhipDamage
IncreaseGunDamage
IncreaseBowDamage
IncreaseGlyphDamage
IncreaseKatanaDamage
IncreaseWandDamage
IncreaseStaffDamage
IncreaseScytheDamage
IncreaseAxeDamage
IncreaseDaggerDamage
IncreaseSpellDamage
IncreaseHealing
IncreaseRedOrbs
IncreaseKillCoins
IncreaseMeleeDamage
IncreaseSteal
IncreaseCriticalHits
IncreaseTreasureOdds
IncreaseMimicOdds
IncreaseMechEngineLevel
EnhanceBlocking
EnhanceDragonHunt
IncreaseMagic
AutoRegen
IncreaseIGGainRate
IncreaseTrustFriendship
IncreaseTurnSpeed
IncreaseWrestlingDamage
IncreaseDBChance
IncreaseLimitBreakMeter