BigSpender
Don'tYouHaveAHome
BattleArenaAnon
Don'tForgetYourFriendsAndFamily
BossKiller
SirDiesALot
MakeMoney
ScardyCat
Cheapskate
Can'tKeepAGoodManDown
MonsterSlayer
PrettyGemCollector
MasterOfUnlocking
Santa'sLittleHelper
AreYouTheKeyMaster
NowYou'rePlayingWithPower
PartyIsGettingCrazy
Can'tTouchThis
NeverAskedForThis
AlliedScrub
AlliedSoldier
AlliedGeneral
GlassCannon
StoneWall
BloodGoneDry
IceIceBaby
DiscoInferno
BlindedByTheLight
RockYouLikeAHurricane
1.21gigawatts
It'sAllDoomAndGloom
InTuneWithMotherEarth
TimeToBuildAnArk
HiHoHiHo
BloodGoneToHead
YouBringMonstersI'llBringWeapons
Warbound
FillYourDarkSoulWithLight
IAmIronMan
Jackpot
ICanQuitBettingAnyTimeIWant
DoIHear500
SoldTotheOneInFront
MasteredTechnique
SSStylish