Blueprints:SilverSword
Blueprints:Valmanway+1
Blueprints:Excalibur+1
Blueprints:Z-Sword+1
Blueprints:Aegis
Blueprints:Ochain
Blueprints:Thunderclap
Blueprints:Mastermune
Blueprints:Spharai+1
Blueprints:Apocalypse+1
Blueprints:Ragnarok+1
Blueprints:Laevatein+1
Blueprints:BahamutsStaff+1
Blueprints:SamuraiEdge-I
Blueprints:SamuraiEdge-F
Blueprints:SamuraiEdge-E
Blueprints:SamuraiEdge-M
Blueprints:Vampire_Killer+1
Blueprints:DemonWhip+1
Blueprints:Ryunohige+1
Blueprints:CompoundBow+1
Blueprints:Bravura+1
Blueprints:Guttler+1
Blueprints:Mandau+1
Blueprints:Kikoku+1
Blueprints:Kannagi+1
Blueprints:Daedalus+1
Hero'sWorth
Jedi'sTreasure
ProtonPack
AntlionClaws
SuperPotion
MegaPotion
Ether
Dynamite
HolyHandGrenade
Angon
SauceAmpulla
DunceCap
Shihei
MirrorShard
TeruTeruBozu
Roshi's-Glasses+1
Mugger's-Belt
Blood-Pendant
VIP-MemberCard
Prism-Specs
Hourglass-Necklace
Jungle-Medallion
Wizard's-Amulet+1
Cultist-Rosary+1
Aetherial-Earrings+1
Blood-Crown+1
Paper
Eggnog
SilverChain
PurpleKey
GoldKey
SilverKey
GodSeal
Vlar
Magna
Omni
Leenex
SilverSeal
UnknownPowerSource
LargeTitaniteSlab
ExtremeTitaniteSlab
TormentOrb1
TormentOrb2
TormentOrb3
TormentOrb4
TormentOrb5
TormentOrb6
TormentOrb7
TormentOrb8
TormentOrb9
TormentOrb10
TormentOrb11
TormentOrb12
TormentOrb13
TormentOrb14
TormentOrb15
TormentOrb20
TormentOrb25
TormentOrb30