LeatherGloves
RustyKnuckles
SpikedKnuckles
DarksteelGloves
MyochinKote
ChaosGauntlets
Seiryu'sKote
WarlockGloves
WarlockGloves+1
WarlockGloves+2
TwilightGauntlets
UnkaiKote
UnkaiKote+1
UnkaiKote+2
EstoqueurGantherots
EstoqueurGantherots+1
EstoqueurGantherots+2
TantraGloves
TantraGloves+1
TantraGloves+2
WizardGloves
WizardGloves+1
WizardGloves+2
HealerMitts
HealerMitts+1
HealerMitts+2
ScoutBracers
ScoutBracers+1
ScoutBracers+2
SummonerBracers
SummonerBracers+1
SummonerBracers+2
CreedGauntlets
CreedGauntlets+1
CreedGauntlets+2
RuneistMitons+1