ClothTunic
RustyMail
TornRobe
SpookyCostume
ClothRobe
MageRobe
DarksteelMail
CrimsonHauberk
BloodHauberk
Haubergeon
Acolyte'sRobe
PlunderedJacket
DragonMail
MyochinDomaru
ChaosCuirass
ChaosCuirass+1
ChaosCuirass+2
Kirin'sOsode
TengokuMail
WarlockTabard
WarlockTabard+1
WarlockTabard+2
TwilightMail
UnkaiDomaru
UnkaiDomaru+1
UnkaiDomaru+2
EstoqueurSayon
EstoqueurSayon+1
EstoqueurSayon+2
TantraCyclas
TantraCyclas+1
TantraCyclas+2
WizardCoat
WizardCoat+1
WizardCoat+2
HealerBriault
HealerBriault+1
HealerBriault+2
ScoutJerkin
ScoutJerkin+1
ScoutJerkin+2
SummonerDoublet
SummonerDoublet+1
SummonerDoublet+2
CreedCuirass
CreedCuirass+1
CreedCuirass+2
Vash'sJacket
VashTheStampede'sJacket
Vashu'sJacket
AtlantianMail
AtlantianMail+1
AtlantianRobe
AtlantianRobe+1
ApprenticeSmock
ShadowScaleMail
ValorSurcoat
KasugaDomaru
HattoriNingi
ArchmageCoat
AnkusaJackcoat
ReverenceSurcoat
WakidoDomaru
KogaNingi
Spaekona'sCoat
TotemicJackcoat
Bodyguard'sCoat
Dancer'sCasaque
DensetsuNoYoroi
LunarSurcoat
DensetsuNoYoroi+1