RustyHose
SpookyLeggings
DarksteelHose
MyochinHaidate
ChaosFlanchard
ChaosFlanchard+1
ChaosFlanchard+2
Byakko'sHaidate
WarlockTights
WarlockTights+1
WarlockTights+2
TwilightCuisses
UnkaiHaidate
UnkaiHaidate+1
UnkaiHaidate+2
EstoqueurFuseau
EstoqueurFuseau+1
EstoqueurFuseau+2
TantraHose
TantraHose+1
TantraHose+2
WizardTonban
WizardTonban+1
WizardTonban+2
HealerPantaloons
HealerPantaloons+1
HealerPantaloons+2
ScoutBraccae
ScoutBraccae+1
ScoutBraccae+2
SummonerSpats
SummonerSpats+1
SummonerSpats+2
CreedCuisses
CreedCuisses+1
CreedCuisses+2
ApprenticeChausses
ShadowCuisses
Valorcuisses
KasugaHaidate
HattoriHakama
ArchmageTonban
AnkusaTrousers
ReverenceCuisses
WakidoHaidate
KogaHakama
Spaekona'sTonban
TotemicTrousers
Bodyguard'sTrousers
Dancer'sBottoms