BucketHat
RustyHelmet
EggHelm
FloppyHat
JesterHat
DarksteelHelmet
CrimsonCrown
BloodCrown
MyochinKabuto
ChaosBurgeonet
Genbu'sKabuto
WarlockChapeau
WarlockChapeau+1
WarlockChapeau+2
TwilightHelm
UnkaiKabuto
UnkaiKabuto+1
UnkaiKabuto+2
EstoqueurChappel
EstoqueurChappel+1
EstoqueurChappel+2
TantraCrown
TantraCrown+1
TantraCrown+2
WizardPetasos
WizardPetasos+1
WizardPetasos+2
HealerCap
HealerCap+1
HealerCap+2
ScoutBeret
ScoutBeret+1
ScoutBeret+2
SummonerHorn
SummonerHorn+1
SummonerHorn+2
CreedArmet
CreedArmet+1
CreedArmet+2
RuneistBandeau+1