RustyBoots
DarksteelBoots
CrimsonSocks
BloodSocks
MyochinSune-Ate
ChaosSollerets
Suzaku'sSune-Ate
WarlockBoots
WarlockBoots+1
WarlockBoots+2
TwilightSabatons
UnkaiSune-Ate
UnkaiSune-Ate+1
UnkaiSune-Ate+2
EstoqueurHouseaux
EstoqueurHouseaux+1
EstoqueurHouseaux+2
TantraGaiters
TantraGaiters+1
TantraGaiters+2
WizardSabots
WizardSabots+1
WizardSabots+2
HealerDuckbills
HealerDuckbills+1
HealerDuckbills+2
ScoutBoots
ScoutBoots+1
ScoutBoots+2
SummonerPigaches
SummonerPigaches+1
SummonerPigaches+2
CreedSabatons
CreedSabatons+1
CreedSabatons+2
RuneistBottes+1