AutoReraise
EnhanceDoubleTurnChance
HurtEthereal
IgnoreMetalDefense
IgnoreGuardian
IgnoreDefense
RenkeiBonus
MeleeBonus
TechBonus
MagicBonus
CuringBonus
AdditionalHit
GemConvert
AbsorbTP
AbsorbIG
Drain
EnhanceSummons
EnhanceItems
EnhanceDodge
EnhanceParry
EnhanceCounter
EnhanceBlocking
UtsusemiBonus
EnhanceBloodpact
EnhanceBloodBoost
EnhanceBloodSpirit
EnhanceSpeed
EnhanceMeditate
EnhanceThirdEye
EnhanceScavenge
EnhanceSteal
EnhanceTreasureHunter
EnhanceDefender
EnhanceAggressor
EnhanceZen
EnhanceWeaponBash
EnhanceParry
EnhanceEnfeeble
EnhanceHandToHand
EnhanceSword
EnhanceKatana
EnhanceRanged
EnhanceSpear
EnhanceWhip
EnhanceGlyph
EnhanceWand
EnhanceStaff
EnhanceAxe
EnhanceScythe
EnhanceDagger
EnhanceCriticalHits
EnhanceStylePoints