Pizza
PotRoast
Ramen
Cavier
BisonDollar
DragonMeat
SuperMushroom
FireDragonWine
Ambrosia
FoieGras
KnowledgeSource
SoulPainting
FishAndChips
Slurm
CerberusMeat
SilverApple
DefenseSource
PowerSource
Herring
TurkeyLeg
BlueKinstone
GreenKinstone
DiscountCard
MiniDiscountCard
SilverDiscountCard
BronzeDiscountCard
UltraDiscountCard
$read -l $+ $rand(1, $lines($lstfile(chest_black.lst))) $lstfile(chest_black.lst)
EthRune
MtlRune
HiRune
GeRune
MaRune
TeRune
MeRune
SmnRune
DrnRune
ItmRune
RenRune
NinRune
IgDefRune
$read -l $+ $rand(1, $lines($lstfile(items_healing.lst))) $lstfile(items_healing.lst)
TitaniteShard
TitaniteChunk
CodexOfPoetics
CodexOfLore
CodexOfScripture
CodexOfVerity
CodexOfCreation
CodexOfTheHoradric
CodexOfMythology
Thief'sMap