Pizza
PotRoast
Ramen
Cavier
BisonDollar
DragonMeat
SuperMushroom
FireDragonWine
Ambrosia
FoieGras
KnowledgeSource
SoulPainting
FishAndChips
Slurm
CerberusMeat
SilverApple
DefenseSource
PowerSource
Herring
TurkeyLeg
Tonic
BlueKinstone
GreenKinstone
IgnitionStar
DiscountCard
MiniDiscountCard
SilverDiscountCard
BronzeDiscountCard
UltraDiscountCard
Wizard's-Amulet
Blessed-Ankh
Blood-Ring
Blood-Pendant
Purple-Belt
Brown-Belt
Black-Belt
Miser-Ring
Thief-Ring
Fool's-Tablet
PinkBow
Aztec-Goldcoin
Lucky-Rabbit'sFoot
$read -l $+ $rand(1, $lines($lstfile(chest_black.lst))) $lstfile(chest_black.lst)
EthRune
MtlRune
HiRune
GeRune
MaRune
TeRune
MeRune
SmnRune
DrnRune
ItmRune
RenRune
NinRune
IgDefRune
$read -l $+ $rand(1, $lines($lstfile(items_healing.lst))) $lstfile(items_healing.lst)
TitaniteShard
TitaniteChunk