AirBusterMkII
Cosmic_Aris
Cosmic_Asriel
Cosmic_Beholder
Cosmic_Bison
Cosmic_Bloodless
Cosmic_Byakko
Cosmic_Cerberus
Cosmic_Count
Cosmic_Death
Cosmic_Dracula
Cosmic_DynamisLord
Cosmic_Exdeath
Cosmic_Flowey
Cosmic_Jester
Cosmic_Jevil
Cosmic_Sans
DeltaStarHyoh
Diamond_Weapon
Dullahan
ElPolloDiablo
Elven_Spellcaster
Elven_Swordmaster
Emerald_Weapon
GodKefka
Grahf
GuardDaos
JenovaSynthesis
JenovaDreamweaver
Nelo_Angelo
Neo_Shinryu
Nutsy-XIV
Ruby_Weapon
SaferSephiroth
Omega_MkII
Ultimate_Weapon
WheelOfFortune
ZenosYaeGalvus