Overdrive
Benediction
Manafont
Karakuri
Skydance
Sentinel
LastResort
GlyphUnion
DevilTriggerII
SSJ
UltraInstinct
SSJ1
SSJBlue
MegaCharizardX
MegaCharizardY
MegaBlastoise
MegaRayquaza
ElvenGoddessMagic
ElvenGoddessMight
WiseReflection
UmbranClimax
OkiroBenihime
Sui-FengShikai
Sui-FengBankai
Shunkou-Wind
Shunkou-Lightning
Shunkou-Fire
YamamotoShikai
YamamotoBankai
RukiaShikai
KaienShikai
CromwellApproval
DTrigger
RedDragoon
DarkDragoon
ExcalijuProc
KomamuraShikai
KomamuraBankai
I-NoOverdrive
AtlantianPower
EchidnaDragonForm
RukiaBankai
Red_Dragon
TensaZangetsu
HollowIchigo
Animus
SecondBrainForm
SecondEyeForm
PlanteraThornMouth
MetalEyeMouth
MetalEyeLaser
SkeletronPrimeSpikes
DragonAspect
TwiliPower
AesirMight
DragonInstall
KyKiskeOverdrive
ShinGouki
OniGouki
SmelterDemonFlame
IronKingFlame
ObitoSharingan
ObitoMangekyouSharingan
MadaraJinchuuriki
ElementalSforzoII