E-Tank
MetalScrap
E-TankA
E-TankB
E-TankT
E-TankZ
FrameRepairA
FrameRepairB
FrameRepairE
FrameRepairZ
MimicCore
Milk
SmallEgg
HardBoiledEgg
Ink
Paper
AshLog
Hatchet
IronOre
GoldOre
SilverOre
DarksteelOre
Ectoplasm
EtherealChain
BrokenLance
SilverChain
FireGem
IceStone
WindRock
WaterJewel
EarthSphere
JungleThorn
JungleRose
Glass
Cloth
RepairHammer
TigerFang
Sand
AncientBeastcoin
CardinalCloth
Kurogane
DiabolicSilk
DarkOrichalcumIngot
AtlantianThreadSpool
JewelOfArdor
StoneOfWieldance
JewelOfWieldance
CoinOfBalance
BenedictSilk
GlitteringYarn
ChameleonYarn
SnowyCerment
UtopianGoldThread
BeastmenSeal
KindredSeal
KindredCrest
HighKindredCrest
ByakkoSeal
GenbuSeal
SeiryuSeal
SuzakuSeal
KirinSeal