Beginner'sCharm
Dragonball-Radar
4leaf-clover
Wizard's-Amulet
Wizard's-Amulet+1
Blessed-Ankh
Wizard's-Ankh
Eye-Patch
Blood-Ring
Blood-Pendant
Blood-Crown
Blood-Crown+1
Purple-Belt
Brown-Belt
Black-Belt
Red-Belt
Dragon-Belt
Miser-Ring
Thief-Ring
Fool's-Tablet
Dr'sMask
PinkBow
Ribbon
Aztec-Goldcoin
AztecGoldcoin
Mayan-Charm
Lucky-Rabbit'sFoot
VIP-MemberCard
VIP-MemberCard+1
Spear-Pin
Sword-Pin
Axe-Pin
Mugger's-Belt
Prism-Specs
Treasure-Ring
Mimic-Ring
Engine-Ring
Roshi's-Glasses
Roshi's-Glasses+1
Hourglass-Necklace
Jungle-Medallion
Shield-Ring
PendantOfPower
PendantOfWisdom
PendantOfCourage
Cultist-Rosary
Cultist-Rosary+1
Aetherial-Earrings
Aetherial-Earrings+1
Aetherial-Ring
DragonCharm
Osiris-Charm
Kan-ra-Charm
Friendship-Ring
Sonic-Ring
WorldHeavyweight-Belt
Hero'sMedal
TeruTeruBozu
Forbidden-Earrings
Forbidden-Earrings+1
Forbidden-Earrings+2
Forbidden-Ring
Forbidden-Crown
Forbidden-Crown+1
Forbidden-Crown+2
Bling-Ring
Train-Ring
Valor-Ring
OniGauntlet
OniGauntlet+1
OniGauntlet+2