BasicMechGun
ImprovedMechGun
FlawlessMechGun
DarksteelOreCannon
MechBeamGun
MechBeamRifle
BasicMechSword
ImprovedMechSword
FlawlessMechSword
DarksteelOreSword
MechBeamSaber
BasicMechFists
ImprovedMechFists
FlawlessMechFists
DarksteelOreFists
BasicMechWand
ImprovedMechWand
FlawlessMechWand
DarksteelOreWand
TitaniumMechWand
BasicMechStaff
ImprovedMechStaff
FlawlessMechStaff
DarksteelOreStaff
TitaniumMechStaff
MechBeamScythe
TitaniumMechKatana
TitaniumMechWhip
BasicMechCore
EtherealCore
MagicAmplifier
AsherGuns
ReubenKatanas
DinahWeapons
DelphinusWeaponSystems
VesselOfAnima
UnbranArmorGuns
UmbranMechCore
Vlar
Magna
Omni
Leenex
AlphaWeltallFists
SusanooKatanas