GodSeal.500
LachesisOrb.500
CrimsonTraverserStone.500
GoddessOrb.1000
MegaPotion.100
Bruce'sJuice.200
Treasure-Ring.650
Present.400
TurkeyLeg.100
PoisonPotion.300
Sonic-Ring.1500
PotRoast.100
Ramen.100
Cavier.100
BisonDollar.100
DragonMeat.100
SuperMushroom.100
FireDragonWine.100
Ambrosia.200
SoulPainting.100
Slurm.150
Wizard's-Amulet.650
Blessed-Ankh.650
Blood-Ring.650
Blood-Pendant.650
Blood-Crown.650
Purple-Belt.650
Brown-Belt.650
Black-Belt.650
Red-Belt.650
Miser-Ring.650
Thief-Ring.650
Fool's-Tablet.650
Ribbon.650
Aztec-Goldcoin.650
Lucky-Rabbit'sFoot.650
Spear-Pin.650
Mugger's-Belt.650
Prism-Specs.650
4leaf-clover.650
Roshi's-Glasses.700
WereMeat.600
Wizard's-Ankh.1500
SilverDiscountCard.1000
DragonCharm.3000
TitaniteShard.500
TitaniteChunk.1000
CaptainCrunchy.250
Trash.10
TradingCard-007.200
TradingCard-010.500
Ectoplasm.150
WorldHeavyweight-Belt.1000
TradingCard-011.500