Ancient_Mummy
ArchDemon_Knight
ArchDemon_Samurai
ArchDemon_Warrior
ArchDemon_Wizard
Baelfyr
Balrog
Bathos
Brook_Sahagin
Butcher
Byrgen
Cactuar
Chaos_Idol
Chimyriad
Creek_Sahagin
Creeper
CrimsonZombie
Crimson_Slime
CureSlime
Cursed_Queen
Cyberman
Cyclops_Impaler
Cyclops_Warrior
Dalek
Dark_Knight
Death_Knight
Decapiclops
Drachenlizard
Dragoon_Ghost
Ermit_Imp
Fission_Metroid
Flame_Knight
FootballZombie
Frost_Knight
Geyfyrst
Gibdo
Goblin_Berserker
Goblin_Enchanter
Goblin_Shaman
Gold_MedusaHead
Goliath_Beetle
Gremlin
Guardian_Treant
Hippogryph
Kindred_Knight
Kindred_Samurai
Kindred_Warrior
Kindred_Wizard
Lamia_Dancer
Lamia_Dartist
Lamia_Swordmaster
Magic_Pot
Magnes_Quadav
Mammoth
Maneating_Hornet
Maniac
Metroid
Midnight_Slime
Moblin
Moonfang
Mosquito
Nightmare_Hornet
Nightmare_Vanguard
Orcish_Gunshooter
Orcish_Impaler
Orcish_Predator
Orcish_Wyrmbrander
Oxocutioner
Pathos
Pride_Demon
Ravager
Reaver
RedeadKnight
Ruby_Quadav
Samurai_Ghost