EstoqueurSeal.4
UnkaiSeal.4
Kirin'sOsode.4
MasterSwordMap.8
CodexOfScripture.5
Blueprints:X-Buster.8
Blueprints:Xiutleato.8
Blueprints:HomesteadBow.8
Blueprints:Ichimonji-Yofusa.8
Blueprints:Upukirex.8
Blueprints:Xbalanque.8
Blueprints:Macbain.8
Blueprints:Lightreaver.8
Blueprints:Kerehcatl.8
Blueprints:Vanir_Knife.8
Blueprints:Vajra.8
Blueprints:Oatixur.8
Blueprints:Uffrat.8
Blueprints:Aedold.8
Blueprints:VanirRifle.8
Blueprints:SamuraiEdge.8
Blueprints:Kikoku.10
Blueprints:Kannagi.10
AtlantianThreadSpool.8
AlphaWeltallCore.16
Blueprints:TacticalShotgun.24
Blueprints:TacticalPistol.24
Blueprints:CompoundBow.24