Genbu'sKabuto.4
Seiryu'sKote.4
Suzaku'sSune-Ate.4
Byakko'sHaidate.4
WarlockChapeau.4
WarlockTabard.4
WarlockGloves.4
WarlockTights.4
WarlockBoots.4
SummonerHorn.4
SummonerDoublet.4
SummonerBracers.4
SummonerPigaches.4
SummonerSpats.4
TantraCrown.4
TantraCyclas.4
TantraGloves.4
TantraHose.4
TantraGaiters.4
WizardPetasos.4
WizardCoat.4
WizardGloves.4
WizardTonban.4
WizardSabots.4
ScoutBeret.4
ScoutJerkin.4
ScoutBracers.4
ScoutBraccae.4
ScoutBoots.4
CreedArmet.4
CreedCuirass.4
CreedGauntlets.4
CreedCuisses.4
CreedSabatons.4
TwilightHelm.4
TwilightMail.4
TwilightCuisses.4
TwilightSabatons.4
TwilightGauntlets.4
Blood-Crown.30