Alchemy
Desynth
Speed
ElementalSeal
MightyStrike
TrueStrike
Barrage
ManaWall
RoyalGuard
PerfectDefense
Fullbring
Sugitekai
Meditate
ConserveTP
BloodBoost
BloodSpirit
DrainSamba
Regen
Kikouheni
ShadowCopy
Utsusemi
Steal
Analysis
Cover
Aggressor
Defender
ShieldFocus
HolyAura
Provoke
CriticalFocus
Disarm
WeaponLock
Konzen-ittai
SealBreak
FormlessStrike
MagicMirror
Gamble
Thirdeye
Retaliation
Scavenge
JustRelease
Lockpicking
Warp
Duality
DoubleCast
QuickPockets
Invigorate
ThrillOfBattle
ThinAir
LucidDreaming
SoftBlows
Stoneskin
TabulaRasa
Flying