Flying
Heavy
Freezing
Frozen
Shock
Burning
Drowning
Earthquake
Tornado
Blind
Rage
Bleeding
Poison
HeavyPoison
Silence
Intimidate
Terrify
Weight
Charmed
Amnesia
Paralysis
Drunk
Zombie
Doom
Doll
Slow
Sleep
Stun
Stop
Virus
Curse
Petrified
Bored
Confuse
Mini
Weapon.Lock
DefenseDown
StrengthDown
IntDown
Staggered
Ignition.on
Boosted
Cocoon
Ethereal
Revive
Reflect
Invincible
ZombieRegenerating
Regenerating
TPRegenerating
Auto-Regen
Shell
Protect
DefenseUp
SpeedUp
SpiritOfTheHero
FinalGetsuga
resist-fire
resist-lightning
resist-ice
resist-earth
resist-wind
resist-water
resist-light
resist-dark