Granola and Licorice Pizza
Chocolate Fudge and Extra Garlic Pizza
Marshmallow and Pepperoni Pizza
Peanut Butter and Clam Pizza
Peanut Butter and Avocado Pizza With Extra Pickles
Marshmallow and Asparagus Pizza
Butterscotch, Onion, and Anchovy Pizza
Tea and Toast Pizza
Chocolate Sprinkles and Clam Sauce Pizza
Chocolate Chip Pizza
Pepperoni and Hot Fudge Pizza
Pepperoni Pizza With Pickles
Jelly Bean and Sausage Pizza
Peanut Butter and Salami Pizza With Double Yogurt Topping
Pizza With Shredded Coconut and Sweet Pickles
Strawberry and Anchovy Sauce Pizza
Hot Oatmeal Pizza
Tuna, Peanut Butter, and Grape Jelly Pizza
Guacamole and Marshmallow Pizza
Hot Fudge and Anchovy Pizza
Popcorn Pizza
Chocolate Fudge, Sardine, and Chili Pepper Pizza Topped With Whipped Cream
Banana and Anchovy Pizza
Goulash Pizza
Hawaiian Pizza
